Added Component: Designator=P?(HDR1X7)
Added Component: Designator=Pulse(HDR1X3)
Added Component: Designator=Servo(HDR1X3)
Added Component: Designator=Sound1(HDR1X3)
Added Component: Designator=Sound2(HDR1X3)
Added Component: Designator=Temperature(HDR1X3)
Added Pin To Net: NetName=+5 Pin=P?-2
Added Pin To Net: NetName=+5 Pin=Pulse-2
Added Pin To Net: NetName=+5 Pin=Servo-2
Added Pin To Net: NetName=+5 Pin=Sound1-2
Added Pin To Net: NetName=+5 Pin=Sound2-2
Added Pin To Net: NetName=+5 Pin=Temperature-2
Added Net: Name=+5
Added Pin To Net: NetName=GND Pin=P?-1
Added Pin To Net: NetName=GND Pin=Pulse-1
Added Pin To Net: NetName=GND Pin=Servo-1
Added Pin To Net: NetName=GND Pin=Sound1-1
Added Pin To Net: NetName=GND Pin=Sound2-1
Added Pin To Net: NetName=GND Pin=Temperature-1
Added Net: Name=GND
Added Pin To Net: NetName=NetP?_3 Pin=P?-3
Added Pin To Net: NetName=NetP?_3 Pin=Sound1-3
Added Net: Name=NetP?_3
Added Pin To Net: NetName=NetP?_4 Pin=P?-4
Added Pin To Net: NetName=NetP?_4 Pin=Sound2-3
Added Net: Name=NetP?_4
Added Pin To Net: NetName=NetP?_5 Pin=P?-5
Added Pin To Net: NetName=NetP?_5 Pin=Temperature-3
Added Net: Name=NetP?_5
Added Pin To Net: NetName=NetP?_6 Pin=P?-6
Added Pin To Net: NetName=NetP?_6 Pin=Servo-3
Added Net: Name=NetP?_6
Added Pin To Net: NetName=NetP?_7 Pin=P?-7
Added Pin To Net: NetName=NetP?_7 Pin=Pulse-3
Added Net: Name=NetP?_7
Added Class: Name=Some
Added Room: Name=Some
