Removed Pin From Net: NetName=GND Pin=G 5-1
Removed Pin From Net: NetName=+5 Pin=G 5-2
Removed Pin From Net: NetName=NetP?_3 Pin=G 5-3
Removed Pin From Net: NetName=NetP?_4 Pin=G 5-4
Removed Pin From Net: NetName=NetP?_5 Pin=G 5-5
Removed Pin From Net: NetName=NetP?_6 Pin=G 5-6
Removed Pin From Net: NetName=NetP?_7 Pin=G 5-7
Removed Pin From Net: NetName=Net470pF_2 Pin=G 5-8
Removed Pin From Net: NetName=NetP?_7 Pin=Pulse-3
Removed Pin From Net: NetName=NetP?_6 Pin=Servo-3
Removed Pin From Net: NetName=NetP?_3 Pin=Sound1-3
Removed Pin From Net: NetName=NetP?_4 Pin=Sound2-3
Removed Pin From Net: NetName=NetP?_5 Pin=Temp-3
Removed Member From Class: ClassName=Some Member=G 5
Change Component Designator: OldDesignator=Temp NewDesignator=Temperature
Added Component: Designator=P?(HDR1X15)
Added Pin To Net: NetName=GND Pin=P?-1
Added Pin To Net: NetName=+5 Pin=P?-3
Added Pin To Net: NetName=NetP?_5 Pin=P?-5
Added Pin To Net: NetName=NetP?_7 Pin=P?-7
Added Pin To Net: NetName=NetP?_3 Pin=P?-9
Added Pin To Net: NetName=NetP?_4 Pin=P?-11
Added Pin To Net: NetName=NetP?_6 Pin=P?-13
Added Pin To Net: NetName=Net470pF_2 Pin=P?-15
Added Pin To Net: NetName=NetP?_6 Pin=Pulse-3
Added Pin To Net: NetName=NetP?_4 Pin=Servo-3
Added Pin To Net: NetName=NetP?_5 Pin=Sound1-3
Added Pin To Net: NetName=NetP?_7 Pin=Sound2-3
Added Pin To Net: NetName=NetP?_3 Pin=Temperature-3
Change Net Name : Old Net Name=NetP?_3 New Net Name=NetP?_9
Change Net Name : Old Net Name=NetP?_4 New Net Name=NetP?_11
Change Net Name : Old Net Name=NetP?_6 New Net Name=NetP?_13
Change Class Name : Old Net Name=Some New Net Name=Some-2
Added Member To Class: ClassName=Some-2 Member=Component P? Header 15
Added Room: Name=Some-2
